<?xml version="1.0" encoding="utf-8"?><testsuites name="pytest tests"><testsuite name="pytest" errors="0" failures="0" skipped="0" tests="10" time="2.881" timestamp="2026-05-25T19:28:16.158943+00:00" hostname="agent-env-6d47b7e3-c8ca-4187-a816-74ce20070e51"><testcase classname="tests.test_iteration7_features.TestBillingPlans" name="test_plans_trial_days_and_inr_labels" time="0.273" /><testcase classname="tests.test_iteration7_features.TestBillingMeFresh" name="test_fresh_user_billing_me" time="0.149" /><testcase classname="tests.test_iteration7_features.TestStartTrial" name="test_start_trial_then_second_call_400" time="0.418" /><testcase classname="tests.test_iteration7_features.TestSubscribeYearly" name="test_subscribe_yearly_inr_365_days" time="0.251" /><testcase classname="tests.test_iteration7_features.TestGooglePlayVerify" name="test_verify_monthly_30_days" time="0.112" /><testcase classname="tests.test_iteration7_features.TestRestore" name="test_restore_returns_entitlement" time="0.268" /><testcase classname="tests.test_iteration7_features.TestJoinRequestFlow" name="test_approve_join_request_adds_member" time="0.677" /><testcase classname="tests.test_iteration7_features.TestJoinRequestFlow" name="test_reject_join_request_does_not_add_member" time="0.337" /><testcase classname="tests.test_iteration7_features.TestJoinRequestFlow" name="test_non_owner_cannot_list_join_requests" time="0.240" /><testcase classname="tests.test_iteration7_features.TestVoiceTranscribeEndpointExists" name="test_endpoint_exists_requires_auth" time="0.121" /></testsuite></testsuites>