<?xml version="1.0" encoding="utf-8"?><testsuites name="pytest tests"><testsuite name="pytest" errors="0" failures="0" skipped="0" tests="16" time="4.832" timestamp="2026-05-26T19:11:25.699601+00:00" hostname="agent-env-6d47b7e3-c8ca-4187-a816-74ce20070e51"><testcase classname="test_iteration8_features.TestLightMemberNoKeypad" name="test_light_member_returns_room_no_pin" time="0.398" /><testcase classname="test_iteration8_features.TestLightNonMemberJoinCandidate" name="test_light_non_member_returns_join_candidate" time="0.300" /><testcase classname="test_iteration8_features.TestDeepMemberRequiresPin" name="test_deep_member_two_step_summon" time="0.560" /><testcase classname="test_iteration8_features.TestRandomPhraseNoKeypad" name="test_random_phrase_returns_empty" time="0.168" /><testcase classname="test_iteration8_features.TestDeepPrivacyForNonMembers" name="test_deep_non_member_no_pin_leak" time="0.387" /><testcase classname="test_iteration8_features.TestPinRequiredFieldAlwaysPresent" name="test_pin_required_field_present" time="0.177" /><testcase classname="test_iteration7_features.TestBillingPlans" name="test_plans_trial_days_and_inr_labels" time="0.128" /><testcase classname="test_iteration7_features.TestBillingMeFresh" name="test_fresh_user_billing_me" time="0.113" /><testcase classname="test_iteration7_features.TestStartTrial" name="test_start_trial_then_second_call_400" time="0.463" /><testcase classname="test_iteration7_features.TestSubscribeYearly" name="test_subscribe_yearly_inr_365_days" time="0.247" /><testcase classname="test_iteration7_features.TestGooglePlayVerify" name="test_verify_monthly_30_days" time="0.159" /><testcase classname="test_iteration7_features.TestRestore" name="test_restore_returns_entitlement" time="0.271" /><testcase classname="test_iteration7_features.TestJoinRequestFlow" name="test_approve_join_request_adds_member" time="0.636" /><testcase classname="test_iteration7_features.TestJoinRequestFlow" name="test_reject_join_request_does_not_add_member" time="0.410" /><testcase classname="test_iteration7_features.TestJoinRequestFlow" name="test_non_owner_cannot_list_join_requests" time="0.257" /><testcase classname="test_iteration7_features.TestVoiceTranscribeEndpointExists" name="test_endpoint_exists_requires_auth" time="0.122" /></testsuite></testsuites>