<?xml version="1.0" encoding="utf-8"?><testsuites name="pytest tests"><testsuite name="pytest" errors="0" failures="0" skipped="0" tests="17" time="27.431" timestamp="2026-05-27T17:19:44.782642+00:00" hostname="agent-env-6d47b7e3-c8ca-4187-a816-74ce20070e51"><testcase classname="test_iteration9_retention.TestHistoryPersistence" name="test_history_returned_for_late_reader" time="0.967" /><testcase classname="test_iteration9_retention.TestCreateRoomRetention" name="test_default_is_10min" time="0.174" /><testcase classname="test_iteration9_retention.TestCreateRoomRetention" name="test_each_valid_mode[5min]" time="0.170" /><testcase classname="test_iteration9_retention.TestCreateRoomRetention" name="test_each_valid_mode[10min]" time="0.171" /><testcase classname="test_iteration9_retention.TestCreateRoomRetention" name="test_each_valid_mode[15min]" time="0.119" /><testcase classname="test_iteration9_retention.TestCreateRoomRetention" name="test_each_valid_mode[on_refresh]" time="0.106" /><testcase classname="test_iteration9_retention.TestCreateRoomRetention" name="test_invalid_falls_back_to_10min" time="0.147" /><testcase classname="test_iteration9_retention.TestPatchSettings" name="test_owner_can_change_retention" time="0.246" /><testcase classname="test_iteration9_retention.TestPatchSettings" name="test_non_owner_forbidden" time="0.292" /><testcase classname="test_iteration9_retention.TestPatchSettings" name="test_invalid_mode_rejected" time="0.241" /><testcase classname="test_iteration9_retention.TestWipe" name="test_any_member_can_wipe" time="0.746" /><testcase classname="test_iteration9_retention.TestWipe" name="test_non_member_cannot_wipe" time="0.316" /><testcase classname="test_iteration9_retention.TestMarkReadScheduling" name="test_time_modes_set_delete_at[5min-5]" time="0.367" /><testcase classname="test_iteration9_retention.TestMarkReadScheduling" name="test_time_modes_set_delete_at[10min-10]" time="0.367" /><testcase classname="test_iteration9_retention.TestMarkReadScheduling" name="test_time_modes_set_delete_at[15min-15]" time="0.344" /><testcase classname="test_iteration9_retention.TestMarkReadScheduling" name="test_on_refresh_does_not_schedule" time="0.466" /><testcase classname="test_iteration9_retention.TestRetentionSweeper" name="test_sweeper_deletes_past_due_messages" time="22.154" /></testsuite></testsuites>