<?xml version="1.0" encoding="utf-8"?><testsuites name="pytest tests"><testsuite name="pytest" errors="0" failures="1" skipped="0" tests="35" time="6.841" timestamp="2026-05-08T19:08:12.277760+00:00" hostname="agent-env-6d47b7e3-c8ca-4187-a816-74ce20070e51"><testcase classname="tests.test_consentalk_api" name="test_root_health" time="0.347" /><testcase classname="tests.test_consentalk_api" name="test_auth_session_invalid" time="0.274" /><testcase classname="tests.test_consentalk_api" name="test_auth_session_empty" time="0.207" /><testcase classname="tests.test_consentalk_api" name="test_auth_me_unauth" time="0.121" /><testcase classname="tests.test_consentalk_api" name="test_auth_me_with_bearer" time="0.246" /><testcase classname="tests.test_consentalk_api" name="test_profile_verify" time="0.137" /><testcase classname="tests.test_consentalk_api" name="test_profile_verify_no_consent" time="0.127" /><testcase classname="tests.test_consentalk_api" name="test_room_create" time="0.244" /><testcase classname="tests.test_consentalk_api" name="test_room_create_short_phrase" time="0.123" /><testcase classname="tests.test_consentalk_api" name="test_room_create_short_pin" time="0.181" /><testcase classname="tests.test_consentalk_api" name="test_room_summon_match" time="0.138" /><testcase classname="tests.test_consentalk_api" name="test_room_summon_wrong_phrase" time="0.123" /><testcase classname="tests.test_consentalk_api" name="test_room_summon_wrong_pin" time="0.147" /><testcase classname="tests.test_consentalk_api" name="test_room_summon_non_member" time="0.129" /><testcase classname="tests.test_consentalk_api" name="test_send_message_text" time="0.132" /><testcase classname="tests.test_consentalk_api" name="test_send_message_voice_image" time="0.241" /><testcase classname="tests.test_consentalk_api" name="test_send_invalid_content_type" time="0.122" /><testcase classname="tests.test_consentalk_api" name="test_list_messages_in_order" time="0.134" /><testcase classname="tests.test_consentalk_api" name="test_list_messages_non_member" time="0.127" /><testcase classname="tests.test_consentalk_api" name="test_end_room_wipes_and_archives" time="0.141" /><testcase classname="tests.test_consentalk_api" name="test_invite_owner_only_and_accept_flow" time="0.387" /><testcase classname="tests.test_consentalk_api" name="test_decline_invitation" time="0.307" /><testcase classname="tests.test_consentalk_api" name="test_report_self_blocked" time="0.121" /><testcase classname="tests.test_consentalk_api" name="test_report_escalation" time="0.675"><failure message="AssertionError: assert 'restricted' in ['active', 'active', 'warned', 'warned', 'warned', 'warned', ...]">tests/test_consentalk_api.py:290: in test_report_escalation
    assert "restricted" in all_status
E   AssertionError: assert 'restricted' in ['active', 'active', 'warned', 'warned', 'warned', 'warned', ...]</failure></testcase><testcase classname="tests.test_consentalk_api" name="test_transparency_summary" time="0.130" /><testcase classname="tests.test_consentalk_api" name="test_voice_transcribe_empty" time="0.139" /><testcase classname="tests.test_consentalk_api" name="test_voice_transcribe_unauth" time="0.130" /><testcase classname="tests.test_consentalk_api" name="test_admin_users_forbidden_for_normal" time="0.122" /><testcase classname="tests.test_consentalk_api" name="test_admin_users_super_admin" time="0.119" /><testcase classname="tests.test_consentalk_api" name="test_admin_action_warn_restrict_suspend_blacklist" time="0.428" /><testcase classname="tests.test_consentalk_api" name="test_blacklist_requires_super_admin" time="0.165" /><testcase classname="tests.test_consentalk_api" name="test_role_change_super_admin_only" time="0.245" /><testcase classname="tests.test_consentalk_api" name="test_admin_forensic_super_admin_only" time="0.195" /><testcase classname="tests.test_consentalk_api" name="test_admin_audit" time="0.129" /><testcase classname="tests.test_consentalk_api" name="test_auto_super_admin_role_set" time="0.003" /></testsuite></testsuites>