<?xml version="1.0" encoding="utf-8"?><testsuites name="pytest tests"><testsuite name="pytest" errors="0" failures="0" skipped="0" tests="35" time="8.572" timestamp="2026-05-08T19:11:01.889318+00:00" hostname="agent-env-6d47b7e3-c8ca-4187-a816-74ce20070e51"><testcase classname="backend.tests.test_consentalk_api" name="test_root_health" time="2.527" /><testcase classname="backend.tests.test_consentalk_api" name="test_auth_session_invalid" time="0.250" /><testcase classname="backend.tests.test_consentalk_api" name="test_auth_session_empty" time="0.138" /><testcase classname="backend.tests.test_consentalk_api" name="test_auth_me_unauth" time="0.116" /><testcase classname="backend.tests.test_consentalk_api" name="test_auth_me_with_bearer" time="0.155" /><testcase classname="backend.tests.test_consentalk_api" name="test_profile_verify" time="0.152" /><testcase classname="backend.tests.test_consentalk_api" name="test_profile_verify_no_consent" time="0.147" /><testcase classname="backend.tests.test_consentalk_api" name="test_room_create" time="0.137" /><testcase classname="backend.tests.test_consentalk_api" name="test_room_create_short_phrase" time="0.115" /><testcase classname="backend.tests.test_consentalk_api" name="test_room_create_short_pin" time="0.151" /><testcase classname="backend.tests.test_consentalk_api" name="test_room_summon_match" time="0.137" /><testcase classname="backend.tests.test_consentalk_api" name="test_room_summon_wrong_phrase" time="0.146" /><testcase classname="backend.tests.test_consentalk_api" name="test_room_summon_wrong_pin" time="0.145" /><testcase classname="backend.tests.test_consentalk_api" name="test_room_summon_non_member" time="0.124" /><testcase classname="backend.tests.test_consentalk_api" name="test_send_message_text" time="0.145" /><testcase classname="backend.tests.test_consentalk_api" name="test_send_message_voice_image" time="0.250" /><testcase classname="backend.tests.test_consentalk_api" name="test_send_invalid_content_type" time="0.119" /><testcase classname="backend.tests.test_consentalk_api" name="test_list_messages_in_order" time="0.147" /><testcase classname="backend.tests.test_consentalk_api" name="test_list_messages_non_member" time="0.169" /><testcase classname="backend.tests.test_consentalk_api" name="test_end_room_wipes_and_archives" time="0.136" /><testcase classname="backend.tests.test_consentalk_api" name="test_invite_owner_only_and_accept_flow" time="0.435" /><testcase classname="backend.tests.test_consentalk_api" name="test_decline_invitation" time="0.243" /><testcase classname="backend.tests.test_consentalk_api" name="test_report_self_blocked" time="0.142" /><testcase classname="backend.tests.test_consentalk_api" name="test_report_escalation" time="0.573" /><testcase classname="backend.tests.test_consentalk_api" name="test_transparency_summary" time="0.122" /><testcase classname="backend.tests.test_consentalk_api" name="test_voice_transcribe_empty" time="0.137" /><testcase classname="backend.tests.test_consentalk_api" name="test_voice_transcribe_unauth" time="0.130" /><testcase classname="backend.tests.test_consentalk_api" name="test_admin_users_forbidden_for_normal" time="0.127" /><testcase classname="backend.tests.test_consentalk_api" name="test_admin_users_super_admin" time="0.118" /><testcase classname="backend.tests.test_consentalk_api" name="test_admin_action_warn_restrict_suspend_blacklist" time="0.395" /><testcase classname="backend.tests.test_consentalk_api" name="test_blacklist_requires_super_admin" time="0.130" /><testcase classname="backend.tests.test_consentalk_api" name="test_role_change_super_admin_only" time="0.248" /><testcase classname="backend.tests.test_consentalk_api" name="test_admin_forensic_super_admin_only" time="0.193" /><testcase classname="backend.tests.test_consentalk_api" name="test_admin_audit" time="0.117" /><testcase classname="backend.tests.test_consentalk_api" name="test_auto_super_admin_role_set" time="0.003" /></testsuite></testsuites>